-------------------------------------------------------------------------------
Test set: Test_Add_Product_To_Cart
-------------------------------------------------------------------------------
Tests run: 4, Failures: 1, Errors: 0, Skipped: 0, Time elapsed: 26.17 s <<< FAILURE! -- in Test_Add_Product_To_Cart
Test_Add_Product_To_Cart.go_to_cart -- Time elapsed: 1.460 s <<< FAILURE!
org.opentest4j.AssertionFailedError: Product was not added to cart! ==> expected: <true> but was: <false>
	at org.junit.jupiter.api.AssertionFailureBuilder.build(AssertionFailureBuilder.java:151)
	at org.junit.jupiter.api.AssertionFailureBuilder.buildAndThrow(AssertionFailureBuilder.java:132)
	at org.junit.jupiter.api.AssertTrue.failNotTrue(AssertTrue.java:63)
	at org.junit.jupiter.api.AssertTrue.assertTrue(AssertTrue.java:36)
	at org.junit.jupiter.api.Assertions.assertTrue(Assertions.java:214)
	at Test_Add_Product_To_Cart.go_to_cart(Test_Add_Product_To_Cart.java:54)
	at java.base/java.lang.reflect.Method.invoke(Method.java:578)
	at java.base/java.util.ArrayList.forEach(ArrayList.java:1511)
	at java.base/java.util.ArrayList.forEach(ArrayList.java:1511)

